<?xml version="1.0" encoding="UTF-8"?>
<!-- Generated by org.testng.reporters.JUnitReportReporter -->
<testsuite skipped="0" hostname="LAPTOP-GK3C948U" name="com.may.maven.Facebook" tests="1" failures="0" timestamp="2019-10-27T10:21:02 IST" time="107.822" errors="0">
  <testcase name="facebookLogin" time="107.822" classname="com.may.maven.Facebook"/>
</testsuite> <!-- com.may.maven.Facebook -->
