<?xml version="1.0" encoding="UTF-8"?>
<!-- Generated by org.testng.reporters.JUnitReportReporter -->
<testsuite skipped="0" hostname="LAPTOP-GK3C948U" name="com.may.maven.SecondTest" tests="1" failures="0" timestamp="2019-10-27T10:21:02 IST" time="9.333" errors="0">
  <testcase name="findName" time="9.333" classname="com.may.maven.SecondTest"/>
</testsuite> <!-- com.may.maven.SecondTest -->
